<?xml version="1.0" encoding="UTF-8"?>
<testng-results skipped="0" failed="0" ignored="0" total="3" passed="3">
  <reporter-output>
  </reporter-output>
  <suite name="Suite" duration-ms="52701" started-at="2019-11-03T14:53:55 IST" finished-at="2019-11-03T14:54:48 IST">
    <groups>
    </groups>
    <test name="Test" duration-ms="52701" started-at="2019-11-03T14:53:55 IST" finished-at="2019-11-03T14:54:48 IST">
      <class name="in.flickerin.testsuite.NewTest">
        <test-method status="PASS" signature="f(java.lang.String, java.lang.String)[pri:0, instance:in.flickerin.testsuite.NewTest@306279ee]" name="f" duration-ms="16247" started-at="2019-11-03T14:53:56 IST" data-provider="dp" finished-at="2019-11-03T14:54:12 IST">
          <params>
            <param index="0">
              <value>
                <![CDATA[Chrome]]>
              </value>
            </param>
            <param index="1">
              <value>
                <![CDATA[https://flipkart.com]]>
              </value>
            </param>
          </params>
          <reporter-output>
          </reporter-output>
        </test-method> <!-- f -->
        <test-method status="PASS" signature="f(java.lang.String, java.lang.String)[pri:0, instance:in.flickerin.testsuite.NewTest@306279ee]" name="f" duration-ms="20573" started-at="2019-11-03T14:54:12 IST" data-provider="dp" finished-at="2019-11-03T14:54:32 IST">
          <params>
            <param index="0">
              <value>
                <![CDATA[Firefox]]>
              </value>
            </param>
            <param index="1">
              <value>
                <![CDATA[https://amazon.com]]>
              </value>
            </param>
          </params>
          <reporter-output>
          </reporter-output>
        </test-method> <!-- f -->
        <test-method status="PASS" signature="f(java.lang.String, java.lang.String)[pri:0, instance:in.flickerin.testsuite.NewTest@306279ee]" name="f" duration-ms="15127" started-at="2019-11-03T14:54:32 IST" data-provider="dp" finished-at="2019-11-03T14:54:48 IST">
          <params>
            <param index="0">
              <value>
                <![CDATA[Firefox]]>
              </value>
            </param>
            <param index="1">
              <value>
                <![CDATA[https://google.com]]>
              </value>
            </param>
          </params>
          <reporter-output>
          </reporter-output>
        </test-method> <!-- f -->
      </class> <!-- in.flickerin.testsuite.NewTest -->
    </test> <!-- Test -->
  </suite> <!-- Suite -->
</testng-results>
