<?xml version="1.0" encoding="UTF-8"?>
<!-- Generated by org.testng.reporters.JUnitXMLReporter -->
<testsuite hostname="DESKTOP-AE9375D" ignored="0" name="Default test" tests="3" failures="0" timestamp="2019-11-03T14:45:13 IST" time="33.71" errors="0">
  <testcase name="f" time="11.024" classname="in.flickerin.testsuite.NewTest"/>
  <testcase name="f" time="10.587" classname="in.flickerin.testsuite.NewTest"/>
  <testcase name="f" time="11.361" classname="in.flickerin.testsuite.NewTest"/>
</testsuite> <!-- Default test -->
