<?xml version="1.0" encoding="UTF-8"?>
<!-- Generated by org.testng.reporters.JUnitXMLReporter -->
<testsuite hostname="DESKTOP-AE9375D" ignored="0" name="Test" tests="3" failures="0" timestamp="2019-11-03T14:54:48 IST" time="52.701" errors="0">
  <testcase name="f" time="16.247" classname="in.flickerin.testsuite.NewTest"/>
  <testcase name="f" time="20.573" classname="in.flickerin.testsuite.NewTest"/>
  <testcase name="f" time="15.127" classname="in.flickerin.testsuite.NewTest"/>
</testsuite> <!-- Test -->
